PLINK v1.90b6.24 64-bit (6 Jun 2021)
Options in effect:
  --allow-no-sex
  --bfile /data/sliu/database/LD-reference/LD_ref/AMR_male
  --extract 03_establish_models/HIS_male_5e-9/08_establish_prediction_models/models/seq.6439.59_SNPs_in_models.txt
  --make-bed
  --out 03_establish_models/HIS_male_5e-9/08_establish_prediction_models/ref_ld/seq.6439.59_1000G

Hostname: wu-940
Working directory: /data/sliu/project/MESA_SomaScan_7K_PWAS
Start time: Thu May 22 12:56:42 2025

Random number seed: 1747954602
1546547 MB RAM detected; reserving 773273 MB for main workspace.
19966273 variants loaded from .bim file.
170 people (0 males, 0 females, 170 ambiguous) loaded from .fam.
Ambiguous sex IDs written to
03_establish_models/HIS_male_5e-9/08_establish_prediction_models/ref_ld/seq.6439.59_1000G.nosex
.
--extract: 463 variants remaining.
Using 1 thread (no multithreaded calculations invoked).
Before main variant filters, 170 founders and 0 nonfounders present.
Calculating allele frequencies... done.
Total genotyping rate is exactly 1.
463 variants and 170 people pass filters and QC.
Note: No phenotypes present.
--make-bed to
03_establish_models/HIS_male_5e-9/08_establish_prediction_models/ref_ld/seq.6439.59_1000G.bed
+
03_establish_models/HIS_male_5e-9/08_establish_prediction_models/ref_ld/seq.6439.59_1000G.bim
+
03_establish_models/HIS_male_5e-9/08_establish_prediction_models/ref_ld/seq.6439.59_1000G.fam
... done.

End time: Thu May 22 12:57:38 2025
